<?xml version="1.0" encoding="UTF-8"?>
<!-- Generated by org.testng.reporters.JUnitXMLReporter -->
<testsuite hostname="IN-Sandeep" name="Default test" tests="3" failures="0" timestamp="28 May 2017 06:44:46 GMT" time="0.042" errors="0">
  <testcase name="@BeforeMethod skipTestCase" time="0.0" classname="TestNGPackage1.Test4">
    <skipped/>
  </testcase> <!-- @BeforeMethod skipTestCase -->
  <testcase name="@BeforeMethod skipTestCase" time="0.0" classname="TestNGPackage1.Test4">
    <skipped/>
  </testcase> <!-- @BeforeMethod skipTestCase -->
  <testcase name="@BeforeMethod skipTestCase" time="0.0" classname="TestNGPackage1.Test4">
    <skipped/>
  </testcase> <!-- @BeforeMethod skipTestCase -->
  <testcase name="doLogin" time="0.001" classname="TestNGPackage1.Test4">
    <skipped/>
  </testcase> <!-- doLogin -->
  <testcase name="doLogin" time="0.002" classname="TestNGPackage1.Test4">
    <skipped/>
  </testcase> <!-- doLogin -->
  <testcase name="doLogin" time="0.001" classname="TestNGPackage1.Test4">
    <skipped/>
  </testcase> <!-- doLogin -->
</testsuite> <!-- Default test -->
