<?xml version="1.0" encoding="UTF-8"?>
<!-- Generated by org.testng.reporters.JUnitXMLReporter -->
<testsuite hostname="IN-Sandeep" name="Test" tests="4" failures="0" timestamp="28 May 2017 06:08:03 GMT" time="0.051" errors="0">
  <testcase name="doFillRegistrationform" time="0.007" classname="TestNGPackage1.Test1"/>
  <testcase name="doLogin" time="0.001" classname="TestNGPackage1.Test1"/>
  <testcase name="doLogout" time="0.001" classname="TestNGPackage1.Test1"/>
  <testcase name="captureScreenshot" time="0.002" classname="TestNGPackage1.Test2"/>
</testsuite> <!-- Test -->
