<?xml version="1.0" encoding="UTF-8"?>
<testng-results skipped="3" failed="0" total="3" passed="0">
  <reporter-output>
  </reporter-output>
  <suite name="Default suite" duration-ms="42" started-at="2017-05-28T06:44:46Z" finished-at="2017-05-28T06:44:46Z">
    <groups>
    </groups>
    <test name="Default test" duration-ms="42" started-at="2017-05-28T06:44:46Z" finished-at="2017-05-28T06:44:46Z">
      <class name="TestNGPackage1.Test4">
        <test-method status="SKIP" signature="skipTestCase()[pri:0, instance:TestNGPackage1.Test4@42d80b78]" name="skipTestCase" is-config="true" duration-ms="0" started-at="2017-05-28T12:14:46Z" finished-at="2017-05-28T12:14:46Z">
          <exception class="org.testng.SkipException">
            <message>
              <![CDATA[skipping the test case]]>
            </message>
            <full-stacktrace>
              <![CDATA[org.testng.SkipException: skipping the test case
	at TestNGPackage1.Test4.skipTestCase(Test4.java:13)
	at sun.reflect.NativeMethodAccessorImpl.invoke0(Native Method)
	at sun.reflect.NativeMethodAccessorImpl.invoke(NativeMethodAccessorImpl.java:62)
	at sun.reflect.DelegatingMethodAccessorImpl.invoke(DelegatingMethodAccessorImpl.java:43)
	at java.lang.reflect.Method.invoke(Method.java:498)
	at org.testng.internal.MethodInvocationHelper.invokeMethod(MethodInvocationHelper.java:85)
	at org.testng.internal.Invoker.invokeConfigurationMethod(Invoker.java:510)
	at org.testng.internal.Invoker.invokeConfigurations(Invoker.java:211)
	at org.testng.internal.Invoker.invokeMethod(Invoker.java:585)
	at org.testng.internal.Invoker.invokeTestMethod(Invoker.java:816)
	at org.testng.internal.Invoker.invokeTestMethods(Invoker.java:1124)
	at org.testng.internal.TestMethodWorker.invokeTestMethods(TestMethodWorker.java:125)
	at org.testng.internal.TestMethodWorker.run(TestMethodWorker.java:108)
	at org.testng.TestRunner.privateRun(TestRunner.java:774)
	at org.testng.TestRunner.run(TestRunner.java:624)
	at org.testng.SuiteRunner.runTest(SuiteRunner.java:359)
	at org.testng.SuiteRunner.runSequentially(SuiteRunner.java:354)
	at org.testng.SuiteRunner.privateRun(SuiteRunner.java:312)
	at org.testng.SuiteRunner.run(SuiteRunner.java:261)
	at org.testng.SuiteRunnerWorker.runSuite(SuiteRunnerWorker.java:52)
	at org.testng.SuiteRunnerWorker.run(SuiteRunnerWorker.java:86)
	at org.testng.TestNG.runSuitesSequentially(TestNG.java:1215)
	at org.testng.TestNG.runSuitesLocally(TestNG.java:1140)
	at org.testng.TestNG.run(TestNG.java:1048)
	at org.testng.remote.AbstractRemoteTestNG.run(AbstractRemoteTestNG.java:126)
	at org.testng.remote.RemoteTestNG.initAndRun(RemoteTestNG.java:137)
	at org.testng.remote.RemoteTestNG.main(RemoteTestNG.java:58)
]]>
            </full-stacktrace>
          </exception> <!-- org.testng.SkipException -->
          <reporter-output>
          </reporter-output>
        </test-method> <!-- skipTestCase -->
        <test-method status="SKIP" signature="doLogin(java.lang.String, java.lang.String)[pri:0, instance:TestNGPackage1.Test4@42d80b78]" name="doLogin" duration-ms="1" started-at="2017-05-28T12:14:46Z" data-provider="getData" finished-at="2017-05-28T12:14:46Z">
          <params>
            <param index="0">
              <value>
                <![CDATA[User1]]>
              </value>
            </param>
            <param index="1">
              <value>
                <![CDATA[Pass1]]>
              </value>
            </param>
          </params>
          <reporter-output>
          </reporter-output>
        </test-method> <!-- doLogin -->
        <test-method status="SKIP" signature="skipTestCase()[pri:0, instance:TestNGPackage1.Test4@42d80b78]" name="skipTestCase" is-config="true" duration-ms="0" started-at="2017-05-28T12:14:46Z" finished-at="2017-05-28T12:14:46Z">
          <reporter-output>
          </reporter-output>
        </test-method> <!-- skipTestCase -->
        <test-method status="SKIP" signature="doLogin(java.lang.String, java.lang.String)[pri:0, instance:TestNGPackage1.Test4@42d80b78]" name="doLogin" duration-ms="2" started-at="2017-05-28T12:14:46Z" data-provider="getData" finished-at="2017-05-28T12:14:46Z">
          <params>
            <param index="0">
              <value>
                <![CDATA[User2]]>
              </value>
            </param>
            <param index="1">
              <value>
                <![CDATA[Pass2]]>
              </value>
            </param>
          </params>
          <reporter-output>
          </reporter-output>
        </test-method> <!-- doLogin -->
        <test-method status="SKIP" signature="skipTestCase()[pri:0, instance:TestNGPackage1.Test4@42d80b78]" name="skipTestCase" is-config="true" duration-ms="0" started-at="2017-05-28T12:14:46Z" finished-at="2017-05-28T12:14:46Z">
          <reporter-output>
          </reporter-output>
        </test-method> <!-- skipTestCase -->
        <test-method status="SKIP" signature="doLogin(java.lang.String, java.lang.String)[pri:0, instance:TestNGPackage1.Test4@42d80b78]" name="doLogin" duration-ms="1" started-at="2017-05-28T12:14:46Z" data-provider="getData" finished-at="2017-05-28T12:14:46Z">
          <params>
            <param index="0">
              <value>
                <![CDATA[User3]]>
              </value>
            </param>
            <param index="1">
              <value>
                <![CDATA[pass3]]>
              </value>
            </param>
          </params>
          <reporter-output>
          </reporter-output>
        </test-method> <!-- doLogin -->
      </class> <!-- TestNGPackage1.Test4 -->
    </test> <!-- Default test -->
  </suite> <!-- Default suite -->
</testng-results>
